[14:57:51] [main/INFO] (FabricLoader/GameProvider) Loading Minecraft 1.18.2 with Fabric Loader 0.14.19
[14:57:51] [main/INFO] (FabricLoader) Loading 53 mods:
	- fabric-api 0.76.0+1.18.2
	- fabric-api-base 0.4.5+64b7c69360
	- fabric-api-lookup-api-v1 1.6.3+2373a54560
	- fabric-biome-api-v1 8.0.7+e83becad60
	- fabric-block-api-v1 1.0.0+ee3621fc60
	- fabric-blockrenderlayer-v1 1.1.13+3ac43d9560
	- fabric-command-api-v1 1.1.10+d7c144a860
	- fabric-commands-v0 0.2.9+b4f4f6cd60
	- fabric-containers-v0 0.1.24+d7c144a860
	- fabric-content-registries-v0 3.1.3+c85f2e3860
	- fabric-convention-tags-v1 1.1.0+43ce63a460
	- fabric-crash-report-info-v1 0.2.1+ee261a3e60
	- fabric-data-generation-api-v1 3.1.0+6c70b68e60
	- fabric-dimensions-v1 2.1.21+489d6f8260
	- fabric-entity-events-v1 1.4.9+d7c144a860
	- fabric-events-interaction-v0 0.4.20+d7c144a860
	- fabric-events-lifecycle-v0 0.2.22+d7c144a860
	- fabric-game-rule-api-v1 1.0.13+d7c144a860
	- fabric-gametest-api-v1 1.0.21+91b7aa6660
	- fabric-item-api-v1 1.6.2+8165403660
	- fabric-item-groups-v0 0.3.16+91896a4960
	- fabric-key-binding-api-v1 1.0.12+54e5b2ec60
	- fabric-keybindings-v0 0.2.10+b4f4f6cd60
	- fabric-lifecycle-events-v1 2.1.1+cc71601c60
	- fabric-loot-api-v2 1.1.2+1997ad1260
	- fabric-loot-tables-v1 1.1.4+e747827960
	- fabric-mining-level-api-v1 2.1.6+cc71601c60
	- fabric-models-v0 0.3.7+d7c144a860
	- fabric-networking-api-v1 1.0.24+2d30af4b60
	- fabric-networking-v0 0.3.11+b4f4f6cd60
	- fabric-object-builder-api-v1 2.1.5+032c981d60
	- fabric-particles-v1 0.2.13+526dc1ac60
	- fabric-registry-sync-v0 0.9.12+bb2e047760
	- fabric-renderer-api-v1 0.5.0+bf48649860
	- fabric-renderer-indigo 0.6.1+03e2b68760
	- fabric-renderer-registries-v1 3.2.12+b4f4f6cd60
	- fabric-rendering-data-attachment-v1 0.3.9+ee3621fc60
	- fabric-rendering-fluids-v1 2.0.3+54e5b2ec60
	- fabric-rendering-v0 1.1.14+b4f4f6cd60
	- fabric-rendering-v1 1.10.8+54e5b2ec60
	- fabric-resource-conditions-api-v1 2.0.3+91b7aa6660
	- fabric-resource-loader-v0 0.5.3+047a5ecb60
	- fabric-screen-api-v1 1.0.11+d882b91560
	- fabric-screen-handler-api-v1 1.2.3+1f6558e860
	- fabric-textures-v0 1.0.13+3ac43d9560
	- fabric-transfer-api-v1 1.6.4+f4563ac860
	- fabric-transitive-access-wideners-v1 1.1.0+e747827960
	- fabricloader 0.14.19
	- fabricstory 1.0
	- geckolib3 3.0.80
	   \-- com_eliotlash_mclib_mclib 20
	- java 17
	- minecraft 1.18.2
[14:57:54] [main/INFO] (FabricLoader/Mixin) SpongePowered MIXIN Subsystem Version=0.8.5 Source=file:/C:/Users/user/.gradle/caches/modules-2/files-2.1/net.fabricmc/sponge-mixin/0.12.4+mixin.0.8.5/e13b4069fe3555969811d4474f78576c707bbe1c/sponge-mixin-0.12.4+mixin.0.8.5.jar Service=Knot/Fabric Env=CLIENT
[14:57:54] [main/INFO] (FabricLoader/Mixin) Loaded Fabric development mappings for mixin remapper!
[14:57:54] [main/INFO] (FabricLoader/Mixin) Compatibility level set to JAVA_16
[14:57:54] [main/INFO] (FabricLoader/Mixin) Compatibility level set to JAVA_17
[14:58:04] [Render thread/INFO] (Minecraft) Environment: authHost='https://authserver.mojang.com', accountsHost='https://api.mojang.com', sessionHost='https://sessionserver.mojang.com', servicesHost='https://api.minecraftservices.com', name='PROD'
[14:58:05] [Render thread/ERROR] (Minecraft) Failed to verify authentication
com.mojang.authlib.exceptions.InvalidCredentialsException: Status: 401
	at com.mojang.authlib.exceptions.MinecraftClientHttpException.toAuthenticationException(MinecraftClientHttpException.java:56) ~[authlib-3.3.39.jar:?]
	at com.mojang.authlib.yggdrasil.YggdrasilUserApiService.fetchProperties(YggdrasilUserApiService.java:132) ~[authlib-3.3.39.jar:?]
	at com.mojang.authlib.yggdrasil.YggdrasilUserApiService.<init>(YggdrasilUserApiService.java:44) ~[authlib-3.3.39.jar:?]
	at com.mojang.authlib.yggdrasil.YggdrasilAuthenticationService.createUserApiService(YggdrasilAuthenticationService.java:153) ~[authlib-3.3.39.jar:?]
	at net.minecraft.client.MinecraftClient.createUserApiService(MinecraftClient.java:680) [minecraft-project-@-merged-named.jar:?]
	at net.minecraft.client.MinecraftClient.<init>(MinecraftClient.java:424) [minecraft-project-@-merged-named.jar:?]
	at net.minecraft.client.main.Main.main(Main.java:197) [minecraft-project-@-merged-named.jar:?]
	at net.fabricmc.loader.impl.game.minecraft.MinecraftGameProvider.launch(MinecraftGameProvider.java:462) [fabric-loader-0.14.19.jar:?]
	at net.fabricmc.loader.impl.launch.knot.Knot.launch(Knot.java:74) [fabric-loader-0.14.19.jar:?]
	at net.fabricmc.loader.impl.launch.knot.KnotClient.main(KnotClient.java:23) [fabric-loader-0.14.19.jar:?]
	at net.fabricmc.devlaunchinjector.Main.main(Main.java:86) [dev-launch-injector-0.2.1+build.8.jar:?]
Caused by: com.mojang.authlib.exceptions.MinecraftClientHttpException: Status: 401
	at com.mojang.authlib.minecraft.client.MinecraftClient.readInputStream(MinecraftClient.java:80) ~[authlib-3.3.39.jar:?]
	at com.mojang.authlib.minecraft.client.MinecraftClient.get(MinecraftClient.java:48) ~[authlib-3.3.39.jar:?]
	at com.mojang.authlib.yggdrasil.YggdrasilUserApiService.fetchProperties(YggdrasilUserApiService.java:113) ~[authlib-3.3.39.jar:?]
	... 9 more
[14:58:05] [Render thread/INFO] (Minecraft) Setting user: Player14
[14:58:05] [Render thread/INFO] (fabricstory) Registering ModItems for fabricstory...
[14:58:06] [Render thread/ERROR] (Minecraft) No data fixer registered for geoexampleentity
[14:58:06] [Render thread/ERROR] (Minecraft) No data fixer registered for bikeentity
[14:58:06] [Render thread/ERROR] (Minecraft) No data fixer registered for carentity
[14:58:06] [Render thread/ERROR] (Minecraft) No data fixer registered for extendedrendererentity
[14:58:06] [Render thread/ERROR] (Minecraft) No data fixer registered for textureperbonetestentity
[14:58:06] [Render thread/ERROR] (Minecraft) No data fixer registered for leentity
[14:58:06] [Render thread/ERROR] (Minecraft) No data fixer registered for rocketprojectile
[14:58:06] [Render thread/INFO] (Indigo) [Indigo] Registering Indigo renderer!
[14:58:07] [Render thread/INFO] (Minecraft) Backend library: LWJGL version 3.2.2 build 10
[14:58:12] [Render thread/INFO] (Minecraft) Narrator library for x64 successfully loaded
[14:58:12] [Render thread/INFO] (Minecraft) Reloading ResourceManager: Default, Fabric Mods (FabricStory, Fabric Renderer Registries (v1), Fabric Item Groups (v0), Fabric Networking (v0), Fabric Loot API (v2), Fabric Loader, Fabric Rendering (v0), Fabric Command API (v1), Fabric Key Bindings (v0), Fabric Rendering Fluids (v1), Fabric Networking API (v1), Fabric Particles (v1), Fabric API Base, Fabric Transitive Access Wideners (v1), Fabric Events Lifecycle (v0), Fabric Screen Handler API (v1), Fabric API, Fabric Convention Tags, Fabric Item API (v1), Fabric Screen API (v1), Fabric Models (v0), Fabric Rendering Data Attachment (v1), Fabric Commands (v0), Fabric Biome API (v1), Fabric Registry Sync (v0), Fabric Object Builder API (v1), Fabric Transfer API (v1), Fabric Lifecycle Events (v1), Fabric Dimensions API (v1), Fabric Renderer - Indigo, Fabric Game Test API (v1), Geckolib, Fabric Events Interaction (v0), Fabric Entity Events (v1), Fabric Data Generation API (v1), Fabric API Lookup API (v1), Fabric Key Binding API (v1), Fabric Containers (v0), Fabric Loot Tables (v1), Fabric Resource Conditions API (v1), Fabric BlockRenderLayer Registration (v1), Fabric Mining Level API (v1), Fabric Content Registries (v0), Fabric Crash Report Info (v1), Fabric Textures (v0), Fabric Resource Loader (v0), Fabric Renderer API (v1), Fabric Game Rule API (v1), Fabric Rendering (v1))
[14:58:13] [Worker-Main-17/INFO] (Minecraft) [STDERR]: java.lang.IndexOutOfBoundsException: Index -1 out of bounds for length 0
[14:58:13] [Worker-Main-17/INFO] (Minecraft) [STDERR]: 	at java.base/jdk.internal.util.Preconditions.outOfBounds(Preconditions.java:64)
[14:58:13] [Worker-Main-17/INFO] (Minecraft) [STDERR]: 	at java.base/jdk.internal.util.Preconditions.outOfBoundsCheckIndex(Preconditions.java:70)
[14:58:13] [Worker-Main-17/INFO] (Minecraft) [STDERR]: 	at java.base/jdk.internal.util.Preconditions.checkIndex(Preconditions.java:266)
[14:58:13] [Worker-Main-17/INFO] (Minecraft) [STDERR]: 	at java.base/java.util.Objects.checkIndex(Objects.java:359)
[14:58:13] [Worker-Main-17/INFO] (Minecraft) [STDERR]: 	at java.base/java.util.ArrayList$SubList.get(ArrayList.java:1149)
[14:58:13] [Worker-Main-17/INFO] (Minecraft) [STDERR]: 	at software.bernie.shadowed.eliotlash.mclib.math.MathBuilder.parseSymbols(MathBuilder.java:306)
[14:58:13] [Worker-Main-17/INFO] (Minecraft) [STDERR]: 	at software.bernie.shadowed.eliotlash.mclib.math.MathBuilder.parseSymbols(MathBuilder.java:282)
[14:58:13] [Worker-Main-17/INFO] (Minecraft) [STDERR]: 	at software.bernie.shadowed.eliotlash.mclib.math.MathBuilder.createFunction(MathBuilder.java:439)
[14:58:13] [Worker-Main-17/INFO] (Minecraft) [STDERR]: 	at software.bernie.shadowed.eliotlash.mclib.math.MathBuilder.parseSymbols(MathBuilder.java:266)
[14:58:13] [Worker-Main-17/INFO] (Minecraft) [STDERR]: 	at software.bernie.shadowed.eliotlash.mclib.math.MathBuilder.parseSymbols(MathBuilder.java:308)
[14:58:13] [Worker-Main-17/INFO] (Minecraft) [STDERR]: 	at software.bernie.shadowed.eliotlash.mclib.math.MathBuilder.parseSymbols(MathBuilder.java:283)
[14:58:13] [Worker-Main-17/INFO] (Minecraft) [STDERR]: 	at software.bernie.geckolib3.core.molang.MolangParser.parseSymbolsMolang(MolangParser.java:228)
[14:58:13] [Worker-Main-17/INFO] (Minecraft) [STDERR]: 	at software.bernie.geckolib3.core.molang.MolangParser.parseOneLine(MolangParser.java:216)
[14:58:13] [Worker-Main-17/INFO] (Minecraft) [STDERR]: 	at software.bernie.geckolib3.core.molang.MolangParser.parseExpression(MolangParser.java:174)
[14:58:13] [Worker-Main-17/INFO] (Minecraft) [STDERR]: 	at software.bernie.geckolib3.core.molang.MolangParser.parseJson(MolangParser.java:154)
[14:58:13] [Worker-Main-17/INFO] (Minecraft) [STDERR]: 	at software.bernie.geckolib3.util.json.JsonKeyFrameUtils.parseExpression(JsonKeyFrameUtils.java:180)
[14:58:13] [Worker-Main-17/INFO] (Minecraft) [STDERR]: 	at software.bernie.geckolib3.util.json.JsonKeyFrameUtils.convertJson(JsonKeyFrameUtils.java:58)
[14:58:13] [Worker-Main-17/INFO] (Minecraft) [STDERR]: 	at software.bernie.geckolib3.util.json.JsonKeyFrameUtils.convertJsonToRotationKeyFrames(JsonKeyFrameUtils.java:174)
[14:58:13] [Worker-Main-17/INFO] (Minecraft) [STDERR]: 	at software.bernie.geckolib3.util.json.JsonAnimationUtils.deserializeJsonToAnimation(JsonAnimationUtils.java:282)
[14:58:13] [Worker-Main-17/INFO] (Minecraft) [STDERR]: 	at software.bernie.geckolib3.file.AnimationFileLoader.loadAllAnimations(AnimationFileLoader.java:32)
[14:58:13] [Worker-Main-17/INFO] (Minecraft) [STDERR]: 	at software.bernie.geckolib3.resource.GeckoLibCache.lambda$reload$0(GeckoLibCache.java:73)
[14:58:13] [Worker-Main-17/INFO] (Minecraft) [STDERR]: 	at software.bernie.geckolib3.resource.GeckoLibCache.lambda$loadResources$5(GeckoLibCache.java:91)
[14:58:13] [Worker-Main-17/INFO] (Minecraft) [STDERR]: 	at java.base/java.util.concurrent.CompletableFuture$AsyncSupply.run(CompletableFuture.java:1768)
[14:58:13] [Worker-Main-17/INFO] (Minecraft) [STDERR]: 	at java.base/java.util.concurrent.CompletableFuture$AsyncSupply.exec(CompletableFuture.java:1760)
[14:58:13] [Worker-Main-17/INFO] (Minecraft) [STDERR]: 	at java.base/java.util.concurrent.ForkJoinTask.doExec(ForkJoinTask.java:373)
[14:58:13] [Worker-Main-17/INFO] (Minecraft) [STDERR]: 	at java.base/java.util.concurrent.ForkJoinPool$WorkQueue.topLevelExec(ForkJoinPool.java:1182)
[14:58:13] [Worker-Main-17/INFO] (Minecraft) [STDERR]: 	at java.base/java.util.concurrent.ForkJoinPool.scan(ForkJoinPool.java:1655)
[14:58:13] [Worker-Main-17/INFO] (Minecraft) [STDERR]: 	at java.base/java.util.concurrent.ForkJoinPool.runWorker(ForkJoinPool.java:1622)
[14:58:13] [Worker-Main-17/INFO] (Minecraft) [STDERR]: 	at java.base/java.util.concurrent.ForkJoinWorkerThread.run(ForkJoinWorkerThread.java:165)
[14:58:13] [Worker-Main-17/INFO] (Minecraft) [STDERR]: java.lang.IndexOutOfBoundsException: Index -1 out of bounds for length 0
[14:58:13] [Worker-Main-17/INFO] (Minecraft) [STDERR]: 	at java.base/jdk.internal.util.Preconditions.outOfBounds(Preconditions.java:64)
[14:58:13] [Worker-Main-17/INFO] (Minecraft) [STDERR]: 	at java.base/jdk.internal.util.Preconditions.outOfBoundsCheckIndex(Preconditions.java:70)
[14:58:13] [Worker-Main-17/INFO] (Minecraft) [STDERR]: 	at java.base/jdk.internal.util.Preconditions.checkIndex(Preconditions.java:266)
[14:58:13] [Worker-Main-17/INFO] (Minecraft) [STDERR]: 	at java.base/java.util.Objects.checkIndex(Objects.java:359)
[14:58:13] [Worker-Main-17/INFO] (Minecraft) [STDERR]: 	at java.base/java.util.ArrayList$SubList.get(ArrayList.java:1149)
[14:58:13] [Worker-Main-17/INFO] (Minecraft) [STDERR]: 	at software.bernie.shadowed.eliotlash.mclib.math.MathBuilder.parseSymbols(MathBuilder.java:306)
[14:58:13] [Worker-Main-17/INFO] (Minecraft) [STDERR]: 	at software.bernie.shadowed.eliotlash.mclib.math.MathBuilder.parseSymbols(MathBuilder.java:282)
[14:58:13] [Worker-Main-17/INFO] (Minecraft) [STDERR]: 	at software.bernie.shadowed.eliotlash.mclib.math.MathBuilder.createFunction(MathBuilder.java:439)
[14:58:13] [Worker-Main-17/INFO] (Minecraft) [STDERR]: 	at software.bernie.shadowed.eliotlash.mclib.math.MathBuilder.parseSymbols(MathBuilder.java:266)
[14:58:13] [Worker-Main-17/INFO] (Minecraft) [STDERR]: 	at software.bernie.shadowed.eliotlash.mclib.math.MathBuilder.parseSymbols(MathBuilder.java:308)
[14:58:13] [Worker-Main-17/INFO] (Minecraft) [STDERR]: 	at software.bernie.shadowed.eliotlash.mclib.math.MathBuilder.parseSymbols(MathBuilder.java:283)
[14:58:13] [Worker-Main-17/INFO] (Minecraft) [STDERR]: 	at software.bernie.geckolib3.core.molang.MolangParser.parseSymbolsMolang(MolangParser.java:228)
[14:58:13] [Worker-Main-17/INFO] (Minecraft) [STDERR]: 	at software.bernie.geckolib3.core.molang.MolangParser.parseOneLine(MolangParser.java:216)
[14:58:13] [Worker-Main-17/INFO] (Minecraft) [STDERR]: 	at software.bernie.geckolib3.core.molang.MolangParser.parseExpression(MolangParser.java:174)
[14:58:13] [Worker-Main-17/INFO] (Minecraft) [STDERR]: 	at software.bernie.geckolib3.core.molang.MolangParser.parseJson(MolangParser.java:154)
[14:58:13] [Worker-Main-17/INFO] (Minecraft) [STDERR]: 	at software.bernie.geckolib3.util.json.JsonKeyFrameUtils.parseExpression(JsonKeyFrameUtils.java:180)
[14:58:13] [Worker-Main-17/INFO] (Minecraft) [STDERR]: 	at software.bernie.geckolib3.util.json.JsonKeyFrameUtils.convertJson(JsonKeyFrameUtils.java:58)
[14:58:13] [Worker-Main-17/INFO] (Minecraft) [STDERR]: 	at software.bernie.geckolib3.util.json.JsonKeyFrameUtils.convertJsonToRotationKeyFrames(JsonKeyFrameUtils.java:174)
[14:58:13] [Worker-Main-17/INFO] (Minecraft) [STDERR]: 	at software.bernie.geckolib3.util.json.JsonAnimationUtils.deserializeJsonToAnimation(JsonAnimationUtils.java:282)
[14:58:13] [Worker-Main-17/INFO] (Minecraft) [STDERR]: 	at software.bernie.geckolib3.file.AnimationFileLoader.loadAllAnimations(AnimationFileLoader.java:32)
[14:58:13] [Worker-Main-17/INFO] (Minecraft) [STDERR]: 	at software.bernie.geckolib3.resource.GeckoLibCache.lambda$reload$0(GeckoLibCache.java:73)
[14:58:13] [Worker-Main-17/INFO] (Minecraft) [STDERR]: 	at software.bernie.geckolib3.resource.GeckoLibCache.lambda$loadResources$5(GeckoLibCache.java:91)
[14:58:13] [Worker-Main-17/INFO] (Minecraft) [STDERR]: 	at java.base/java.util.concurrent.CompletableFuture$AsyncSupply.run(CompletableFuture.java:1768)
[14:58:13] [Worker-Main-17/INFO] (Minecraft) [STDERR]: 	at java.base/java.util.concurrent.CompletableFuture$AsyncSupply.exec(CompletableFuture.java:1760)
[14:58:13] [Worker-Main-17/INFO] (Minecraft) [STDERR]: 	at java.base/java.util.concurrent.ForkJoinTask.doExec(ForkJoinTask.java:373)
[14:58:13] [Worker-Main-17/INFO] (Minecraft) [STDERR]: 	at java.base/java.util.concurrent.ForkJoinPool$WorkQueue.topLevelExec(ForkJoinPool.java:1182)
[14:58:13] [Worker-Main-17/INFO] (Minecraft) [STDERR]: 	at java.base/java.util.concurrent.ForkJoinPool.scan(ForkJoinPool.java:1655)
[14:58:13] [Worker-Main-17/INFO] (Minecraft) [STDERR]: 	at java.base/java.util.concurrent.ForkJoinPool.runWorker(ForkJoinPool.java:1622)
[14:58:13] [Worker-Main-17/INFO] (Minecraft) [STDERR]: 	at java.base/java.util.concurrent.ForkJoinWorkerThread.run(ForkJoinWorkerThread.java:165)
[14:58:14] [Realms Notification Availability checker #1/INFO] (Minecraft) Could not authorize you against Realms server: Invalid session id
[14:58:16] [Render thread/INFO] (Minecraft) OpenAL initialized on device OpenAL Soft on Динамики (2- Realtek(R) Audio)
[14:58:16] [Render thread/INFO] (Minecraft) Sound engine started
[14:58:16] [Render thread/INFO] (Minecraft) Created: 1024x1024x4 minecraft:textures/atlas/blocks.png-atlas
[14:58:16] [Render thread/INFO] (Minecraft) Created: 256x128x4 minecraft:textures/atlas/signs.png-atlas
[14:58:16] [Render thread/INFO] (Minecraft) Created: 1024x512x4 minecraft:textures/atlas/banner_patterns.png-atlas
[14:58:16] [Render thread/INFO] (Minecraft) Created: 1024x512x4 minecraft:textures/atlas/shield_patterns.png-atlas
[14:58:16] [Render thread/INFO] (Minecraft) Created: 256x256x4 minecraft:textures/atlas/chest.png-atlas
[14:58:16] [Render thread/INFO] (Minecraft) Created: 512x256x4 minecraft:textures/atlas/beds.png-atlas
[14:58:16] [Render thread/INFO] (Minecraft) Created: 512x256x4 minecraft:textures/atlas/shulker_boxes.png-atlas
[14:58:18] [Render thread/INFO] (Minecraft) Created: 256x256x0 minecraft:textures/atlas/particles.png-atlas
[14:58:18] [Render thread/INFO] (Minecraft) Created: 256x256x0 minecraft:textures/atlas/paintings.png-atlas
[14:58:18] [Render thread/INFO] (Minecraft) Created: 256x128x0 minecraft:textures/atlas/mob_effects.png-atlas
[14:58:27] [Render thread/WARN] (Minecraft) Ambiguity between arguments [teleport, location] and [teleport, destination] with inputs: [0.1 -0.5 .9, 0 0 0]
[14:58:27] [Render thread/WARN] (Minecraft) Ambiguity between arguments [teleport, location] and [teleport, targets] with inputs: [0.1 -0.5 .9, 0 0 0]
[14:58:27] [Render thread/WARN] (Minecraft) Ambiguity between arguments [teleport, destination] and [teleport, targets] with inputs: [Player, 0123, @e, dd12be42-52a9-4a91-a8a1-11c01849e498]
[14:58:27] [Render thread/WARN] (Minecraft) Ambiguity between arguments [teleport, targets] and [teleport, destination] with inputs: [Player, 0123, dd12be42-52a9-4a91-a8a1-11c01849e498]
[14:58:27] [Render thread/WARN] (Minecraft) Ambiguity between arguments [teleport, targets, location] and [teleport, targets, destination] with inputs: [0.1 -0.5 .9, 0 0 0]
[14:58:28] [Render thread/INFO] (Minecraft) Loaded 7 recipes
[14:58:28] [Render thread/INFO] (Minecraft) Loaded 1141 advancements
[14:58:29] [Render thread/INFO] (Minecraft) Environment: authHost='https://authserver.mojang.com', accountsHost='https://api.mojang.com', sessionHost='https://sessionserver.mojang.com', servicesHost='https://api.minecraftservices.com', name='PROD'
[14:58:29] [Render thread/INFO] (BiomeModificationImpl) Applied 0 biome modifications to 0 of 61 new biomes in 2.677 ms
[14:58:29] [Server thread/INFO] (Minecraft) Starting integrated minecraft server version 1.18.2
[14:58:29] [Server thread/INFO] (Minecraft) Generating keypair
[14:58:29] [Server thread/INFO] (Minecraft) Preparing start region for dimension minecraft:overworld
[14:58:29] [Render thread/INFO] (Minecraft) Подготовка области возрождения: 0%
[14:58:30] [Render thread/INFO] (Minecraft) Подготовка области возрождения: 0%
[14:58:30] [Render thread/INFO] (Minecraft) Подготовка области возрождения: 0%
[14:58:31] [Render thread/INFO] (Minecraft) Подготовка области возрождения: 5%
[14:58:31] [Render thread/INFO] (Minecraft) Подготовка области возрождения: 61%
[14:58:31] [Render thread/INFO] (Minecraft) Time elapsed: 2234 ms
[14:58:31] [Server thread/INFO] (Minecraft) Changing view distance to 12, from 10
[14:58:31] [Server thread/INFO] (Minecraft) Changing simulation distance to 12, from 0
[14:58:32] [Server thread/INFO] (Minecraft) Player14[local:E:059657bd] logged in with entity id 2 at (-7.5, -60.0, 0.5)
[14:58:32] [Server thread/INFO] (Minecraft) Player14 присоединился к игре
[14:58:33] [Render thread/INFO] (Minecraft) Loaded 0 advancements
[14:58:33] [Render thread/ERROR] (Minecraft) Unreported exception thrown!
java.lang.NullPointerException: Cannot invoke "net.minecraft.client.render.entity.EntityRenderer.shouldRender(net.minecraft.entity.Entity, net.minecraft.client.render.Frustum, double, double, double)" because "entityRenderer" is null
	at net.minecraft.client.render.entity.EntityRenderDispatcher.shouldRender(EntityRenderDispatcher.java:121) ~[minecraft-project-@-merged-named.jar:?]
	at net.minecraft.client.render.WorldRenderer.render(WorldRenderer.java:1276) ~[minecraft-project-@-merged-named.jar:?]
	at net.minecraft.client.render.GameRenderer.renderWorld(GameRenderer.java:1034) ~[minecraft-project-@-merged-named.jar:?]
	at net.minecraft.client.render.GameRenderer.render(GameRenderer.java:813) ~[minecraft-project-@-merged-named.jar:?]
	at net.minecraft.client.MinecraftClient.render(MinecraftClient.java:1122) ~[minecraft-project-@-merged-named.jar:?]
	at net.minecraft.client.MinecraftClient.run(MinecraftClient.java:737) [minecraft-project-@-merged-named.jar:?]
	at net.minecraft.client.main.Main.main(Main.java:236) [minecraft-project-@-merged-named.jar:?]
	at net.fabricmc.loader.impl.game.minecraft.MinecraftGameProvider.launch(MinecraftGameProvider.java:462) [fabric-loader-0.14.19.jar:?]
	at net.fabricmc.loader.impl.launch.knot.Knot.launch(Knot.java:74) [fabric-loader-0.14.19.jar:?]
	at net.fabricmc.loader.impl.launch.knot.KnotClient.main(KnotClient.java:23) [fabric-loader-0.14.19.jar:?]
	at net.fabricmc.devlaunchinjector.Main.main(Main.java:86) [dev-launch-injector-0.2.1+build.8.jar:?]
[14:58:33] [Server thread/INFO] (Minecraft) Stopping server
[14:58:33] [Server thread/INFO] (Minecraft) Saving players
[14:58:33] [Server thread/INFO] (Minecraft) Player14 lost connection: Отключение
[14:58:33] [Server thread/INFO] (Minecraft) Player14 покинул игру
[14:58:33] [Server thread/INFO] (Minecraft) Stopping singleplayer server as player logged out
[14:58:33] [Server thread/INFO] (Minecraft) Saving worlds
[14:58:34] [Server thread/INFO] (Minecraft) Saving chunks for level 'ServerLevel[Новый мир]'/minecraft:overworld
[14:58:34] [Server thread/INFO] (Minecraft) Saving chunks for level 'ServerLevel[Новый мир]'/minecraft:the_end
[14:58:34] [Server thread/INFO] (Minecraft) Saving chunks for level 'ServerLevel[Новый мир]'/minecraft:the_nether
[14:58:34] [Server thread/INFO] (Minecraft) ThreadedAnvilChunkStorage (Новый мир): All chunks are saved
[14:58:34] [Server thread/INFO] (Minecraft) ThreadedAnvilChunkStorage (DIM1): All chunks are saved
[14:58:34] [Server thread/INFO] (Minecraft) ThreadedAnvilChunkStorage (DIM-1): All chunks are saved
[14:58:34] [Server thread/INFO] (Minecraft) ThreadedAnvilChunkStorage: All dimensions are saved
